2026-01-14 22:20:49,629 | DEBUG | ========== ENGINE INIT ==========
2026-01-14 22:20:49,629 | DEBUG | BIRTH JD = 2443968.9756944445
2026-01-14 22:20:49,629 | DEBUG | BIRTH MOON LONGITUDE = 93.29008426915426
2026-01-14 22:20:49,630 | DEBUG | ------ REFRESH START ------
2026-01-14 22:20:49,630 | DEBUG | TRANSIT JD = 2461055.201388889
2026-01-14 22:20:49,630 | DEBUG | NATAL Su = 351.617623
2026-01-14 22:20:49,630 | DEBUG | TRANSIT Su = 270.402966
2026-01-14 22:20:49,630 | DEBUG | NATAL Mo = 93.290084
2026-01-14 22:20:49,630 | DEBUG | TRANSIT Mo = 224.416367
2026-01-14 22:20:49,630 | DEBUG | NATAL Me = 332.399839
2026-01-14 22:20:49,630 | DEBUG | TRANSIT Me = 266.021343
2026-01-14 22:20:49,631 | DEBUG | NATAL Ve = 315.293843
2026-01-14 22:20:49,631 | DEBUG | TRANSIT Ve = 272.316935
2026-01-14 22:20:49,631 | DEBUG | NATAL Ma = 335.306350
2026-01-14 22:20:49,631 | DEBUG | TRANSIT Ma = 269.123062
2026-01-14 22:20:49,631 | DEBUG | NATAL Ju = 95.710487
2026-01-14 22:20:49,631 | DEBUG | TRANSIT Ju = 85.397986
2026-01-14 22:20:49,631 | DEBUG | NATAL Sa = 134.590256
2026-01-14 22:20:49,631 | DEBUG | TRANSIT Sa = 332.979098
2026-01-14 22:20:49,632 | DEBUG | NATAL Ra = 143.714471
2026-01-14 22:20:49,632 | DEBUG | TRANSIT Ra = 315.939552
2026-01-14 22:20:49,632 | DEBUG | NATAL KE = 323.714471
2026-01-14 22:20:49,632 | DEBUG | TRANSIT KE = 135.939552
2026-01-14 22:20:49,632 | DEBUG | HOUSE CUSPS = (152.02897271689324, 181.83074163925102, 212.28620088195072, 242.2639930400294, 272.04007223982734, 302.16609701487994, 332.02897271689324, 1.830741639251027, 32.286200881950734, 62.26399304002939, 92.04007223982735, 122.16609701487992)
2026-01-14 22:20:49,632 | DEBUG | PLANET Su \u2192 HOUSE 7
2026-01-14 22:20:49,632 | DEBUG | PLANET Mo \u2192 HOUSE 11
2026-01-14 22:20:49,632 | DEBUG | PLANET Me \u2192 HOUSE 7
2026-01-14 22:20:49,632 | DEBUG | PLANET Ve \u2192 HOUSE 6
2026-01-14 22:20:49,632 | DEBUG | PLANET Ma \u2192 HOUSE 7
2026-01-14 22:20:49,632 | DEBUG | PLANET Ju \u2192 HOUSE 11
2026-01-14 22:20:49,632 | DEBUG | PLANET Sa \u2192 HOUSE 12
2026-01-14 22:20:49,632 | DEBUG | PLANET Ra \u2192 HOUSE 12
2026-01-14 22:20:49,632 | DEBUG | PLANET Ke \u2192 HOUSE 6
2026-01-14 22:20:49,632 | DEBUG | RASHI OWNERSHIP MAP = {'Ke': [], 'Ve': [2, 9], 'Su': [12], 'Mo': [11], 'Ma': [3, 8], 'Ra': [], 'Ju': [4, 7], 'Sa': [5, 6], 'Me': [1, 10]}
2026-01-14 22:20:49,633 | DEBUG | ------ REFRESH END ------
2026-01-14 22:20:49,647 | DEBUG | DASHA QUERY DATE = 2026-01-14 22:20:49.630051
2026-01-14 22:20:49,648 | DEBUG | MAHA START JD = 2438144.0513700326
2026-01-14 22:20:49,648 | DEBUG | DASHA LVL 0 CHECK Ju START=2438144.051370 END=2443987.931370
2026-01-14 22:20:49,648 | DEBUG | DASHA LVL 0 CHECK Sa START=2443987.931370 END=2450927.538870
2026-01-14 22:20:49,648 | DEBUG | DASHA LVL 0 CHECK Me START=2450927.538870 END=2457136.661370
2026-01-14 22:20:49,648 | DEBUG | DASHA LVL 0 CHECK Ke START=2457136.661370 END=2459693.358870
2026-01-14 22:20:49,648 | DEBUG | DASHA LVL 0 CHECK Ve START=2459693.358870 END=2466998.208870
2026-01-14 22:20:49,648 | DEBUG | DASHA LVL 1 CHECK Ve START=2459693.358870 END=2460910.833870
2026-01-14 22:20:49,648 | DEBUG | DASHA LVL 1 CHECK Su START=2460910.833870 END=2461276.076370
2026-01-14 22:20:49,648 | DEBUG | DASHA LVL 2 CHECK Su START=2460910.833870 END=2460929.095995
2026-01-14 22:20:49,648 | DEBUG | DASHA LVL 2 CHECK Mo START=2460929.095995 END=2460959.532870
2026-01-14 22:20:49,648 | DEBUG | DASHA LVL 2 CHECK Ma START=2460959.532870 END=2460980.838683
2026-01-14 22:20:49,648 | DEBUG | DASHA LVL 2 CHECK Ra START=2460980.838683 END=2461035.625058
2026-01-14 22:20:49,648 | DEBUG | DASHA LVL 2 CHECK Ju START=2461035.625058 END=2461084.324058
2026-01-14 22:20:49,649 | DEBUG | DASHA LVL 3 CHECK Ju START=2461035.625058 END=2461042.118258
2026-01-14 22:20:49,649 | DEBUG | DASHA LVL 3 CHECK Sa START=2461042.118258 END=2461049.828933
2026-01-14 22:20:49,649 | DEBUG | DASHA LVL 3 CHECK Me START=2461049.828933 END=2461056.727958
2026-01-14 22:20:49,649 | DEBUG | DASHA LVL 4 CHECK Me START=2461049.828933 END=2461050.806294
2026-01-14 22:20:49,649 | DEBUG | DASHA LVL 4 CHECK Ke START=2461050.806294 END=2461051.208738
2026-01-14 22:20:49,649 | DEBUG | DASHA LVL 4 CHECK Ve START=2461051.208738 END=2461052.358575
2026-01-14 22:20:49,649 | DEBUG | DASHA LVL 4 CHECK Su START=2461052.358575 END=2461052.703526
2026-01-14 22:20:49,649 | DEBUG | DASHA LVL 4 CHECK Mo START=2461052.703526 END=2461053.278445
2026-01-14 22:20:49,649 | DEBUG | DASHA LVL 4 CHECK Ma START=2461053.278445 END=2461053.680888
2026-01-14 22:20:49,649 | DEBUG | DASHA LVL 4 CHECK Ra START=2461053.680888 END=2461054.715742
2026-01-14 22:20:49,649 | DEBUG | DASHA LVL 4 CHECK Ju START=2461054.715742 END=2461055.635612
2026-01-14 22:20:49,649 | DEBUG | DASHA LVL 5 CHECK Ju START=2461054.715742 END=2461054.838391
2026-01-14 22:20:49,649 | DEBUG | DASHA LVL 5 CHECK Sa START=2461054.838391 END=2461054.984037
2026-01-14 22:20:49,649 | DEBUG | DASHA LVL 5 CHECK Me START=2461054.984037 END=2461055.114352
2026-01-14 22:20:49,649 | DEBUG | DASHA LVL 5 CHECK Ke START=2461055.114352 END=2461055.168011
2026-01-14 22:20:49,649 | DEBUG | DASHA LVL 5 CHECK Ve START=2461055.168011 END=2461055.321323
2026-01-14 22:20:49,649 | DEBUG | ANALYZE PLANET = Ve
2026-01-14 22:20:49,650 | DEBUG | SIGN=Sa STAR=Ra SUB=Ra SUBSTAR=Ve
2026-01-14 22:20:49,650 | DEBUG | HITS RAW = [6, 12, 12, 5, 6, 5]
2026-01-14 22:20:49,650 | DEBUG | POSITIVE HITS = [6, 6]
2026-01-14 22:20:49,650 | DEBUG | NEGATIVE HITS = [12, 12]
2026-01-14 22:20:49,650 | DEBUG | NET SCORE = 0
2026-01-14 22:20:49,650 | DEBUG | ASPECT | Ve T=272.32 Mo N=93.29 DIFF=179.03 ANG=180
2026-01-14 22:20:49,650 | DEBUG | ASPECT | Ve T=272.32 Me N=332.40 DIFF=60.08 ANG=60
2026-01-14 22:20:49,650 | DEBUG | ANALYZE PLANET = Su
2026-01-14 22:20:49,650 | DEBUG | SIGN=Ju STAR=Me SUB=Mo SUBSTAR=Ju
2026-01-14 22:20:49,650 | DEBUG | HITS RAW = [7, 7, 11, 1, 10, 4, 7, 4]
2026-01-14 22:20:49,650 | DEBUG | POSITIVE HITS = [11, 1, 10]
2026-01-14 22:20:49,650 | DEBUG | NEGATIVE HITS = []
2026-01-14 22:20:49,650 | DEBUG | NET SCORE = 3
2026-01-14 22:20:49,650 | DEBUG | ASPECT | Su T=270.40 Me N=332.40 DIFF=62.00 ANG=60
2026-01-14 22:20:49,650 | DEBUG | ASPECT | Su T=270.40 Ve N=315.29 DIFF=44.89 ANG=45
2026-01-14 22:20:49,650 | DEBUG | ASPECT | Su T=270.40 Sa N=134.59 DIFF=135.81 ANG=135
2026-01-14 22:20:49,650 | DEBUG | ANALYZE PLANET = Ju
2026-01-14 22:20:49,650 | DEBUG | SIGN=Mo STAR=Sa SUB=Ve SUBSTAR=Ra
2026-01-14 22:20:49,650 | DEBUG | HITS RAW = [11, 12, 11, 5, 6, 11, 10]
2026-01-14 22:20:49,651 | DEBUG | POSITIVE HITS = [11, 11, 6, 11, 10]
2026-01-14 22:20:49,651 | DEBUG | NEGATIVE HITS = [12]
2026-01-14 22:20:49,651 | DEBUG | NET SCORE = 4
2026-01-14 22:20:49,651 | DEBUG | ASPECT | Ju T=85.40 Ra N=143.71 DIFF=58.32 ANG=60
2026-01-14 22:20:49,651 | DEBUG | ASPECT | Ju T=85.40 Ke N=323.71 DIFF=121.68 ANG=120
2026-01-14 22:20:49,651 | DEBUG | ANALYZE PLANET = Me
2026-01-14 22:20:49,651 | DEBUG | SIGN=Ju STAR=Ju SUB=Me SUBSTAR=Ju
2026-01-14 22:20:49,651 | DEBUG | HITS RAW = [7, 11, 11, 4, 7, 4, 7, 4]
2026-01-14 22:20:49,651 | DEBUG | POSITIVE HITS = [11, 11]
2026-01-14 22:20:49,651 | DEBUG | NEGATIVE HITS = []
2026-01-14 22:20:49,651 | DEBUG | NET SCORE = 2
2026-01-14 22:20:49,651 | DEBUG | ASPECT | Me T=266.02 Ra N=143.71 DIFF=122.31 ANG=120
2026-01-14 22:20:49,651 | DEBUG | ASPECT | Me T=266.02 Ke N=323.71 DIFF=57.69 ANG=60
2026-01-14 22:20:49,651 | DEBUG | ANALYZE PLANET = Ju
2026-01-14 22:20:49,651 | DEBUG | SIGN=Mo STAR=Sa SUB=Ve SUBSTAR=Ra
2026-01-14 22:20:49,651 | DEBUG | HITS RAW = [11, 12, 11, 5, 6, 11, 10]
2026-01-14 22:20:49,651 | DEBUG | POSITIVE HITS = [11, 11, 6, 11, 10]
2026-01-14 22:20:49,651 | DEBUG | NEGATIVE HITS = [12]
2026-01-14 22:20:49,651 | DEBUG | NET SCORE = 4
2026-01-14 22:20:49,651 | DEBUG | ASPECT | Ju T=85.40 Ra N=143.71 DIFF=58.32 ANG=60
2026-01-14 22:20:49,651 | DEBUG | ASPECT | Ju T=85.40 Ke N=323.71 DIFF=121.68 ANG=120
2026-01-14 22:20:49,651 | DEBUG | ANALYZE PLANET = Ve
2026-01-14 22:20:49,652 | DEBUG | SIGN=Sa STAR=Ra SUB=Ra SUBSTAR=Ve
2026-01-14 22:20:49,652 | DEBUG | HITS RAW = [6, 12, 12, 5, 6, 5]
2026-01-14 22:20:49,652 | DEBUG | POSITIVE HITS = [6, 6]
2026-01-14 22:20:49,652 | DEBUG | NEGATIVE HITS = [12, 12]
2026-01-14 22:20:49,652 | DEBUG | NET SCORE = 0
2026-01-14 22:20:49,652 | DEBUG | ASPECT | Ve T=272.32 Mo N=93.29 DIFF=179.03 ANG=180
2026-01-14 22:20:49,652 | DEBUG | ASPECT | Ve T=272.32 Me N=332.40 DIFF=60.08 ANG=60
2026-01-14 22:20:53,976 | DEBUG | ------ REFRESH START ------
2026-01-14 22:20:53,976 | DEBUG | TRANSIT JD = 2461055.2020833334
2026-01-14 22:20:53,977 | DEBUG | NATAL Su = 350.637563
2026-01-14 22:20:53,977 | DEBUG | TRANSIT Su = 269.423614
2026-01-14 22:20:53,977 | DEBUG | NATAL Mo = 92.310024
2026-01-14 22:20:53,977 | DEBUG | TRANSIT Mo = 223.444567
2026-01-14 22:20:53,977 | DEBUG | NATAL Me = 331.419779
2026-01-14 22:20:53,977 | DEBUG | TRANSIT Me = 265.042407
2026-01-14 22:20:53,978 | DEBUG | NATAL Ve = 314.313783
2026-01-14 22:20:53,978 | DEBUG | TRANSIT Ve = 271.337748
2026-01-14 22:20:53,978 | DEBUG | NATAL Ma = 334.326290
2026-01-14 22:20:53,978 | DEBUG | TRANSIT Ma = 268.143540
2026-01-14 22:20:53,978 | DEBUG | NATAL Ju = 94.730427
2026-01-14 22:20:53,978 | DEBUG | TRANSIT Ju = 84.417833
2026-01-14 22:20:53,978 | DEBUG | NATAL Sa = 133.610196
2026-01-14 22:20:53,978 | DEBUG | TRANSIT Sa = 331.999092
2026-01-14 22:20:53,979 | DEBUG | NATAL Ra = 142.734411
2026-01-14 22:20:53,979 | DEBUG | TRANSIT Ra = 314.959401
2026-01-14 22:20:53,979 | DEBUG | NATAL KE = 322.734411
2026-01-14 22:20:53,979 | DEBUG | TRANSIT KE = 134.959401
2026-01-14 22:20:53,979 | DEBUG | HOUSE CUSPS = (151.0489127395781, 180.85068166193588, 211.30614090463558, 241.28393306271425, 271.0600122625122, 301.1860370375648, 331.0489127395781, 0.8506816619358908, 31.306140904635594, 61.283933062714254, 91.06001226251222, 121.18603703756479)
2026-01-14 22:20:53,979 | DEBUG | PLANET Su \u2192 HOUSE 7
2026-01-14 22:20:53,979 | DEBUG | PLANET Mo \u2192 HOUSE 11
2026-01-14 22:20:53,979 | DEBUG | PLANET Me \u2192 HOUSE 7
2026-01-14 22:20:53,979 | DEBUG | PLANET Ve \u2192 HOUSE 6
2026-01-14 22:20:53,979 | DEBUG | PLANET Ma \u2192 HOUSE 7
2026-01-14 22:20:53,979 | DEBUG | PLANET Ju \u2192 HOUSE 11
2026-01-14 22:20:53,979 | DEBUG | PLANET Sa \u2192 HOUSE 12
2026-01-14 22:20:53,979 | DEBUG | PLANET Ra \u2192 HOUSE 12
2026-01-14 22:20:53,979 | DEBUG | PLANET Ke \u2192 HOUSE 6
2026-01-14 22:20:53,979 | DEBUG | RASHI OWNERSHIP MAP = {'Ke': [], 'Ve': [2, 9], 'Su': [12], 'Mo': [11], 'Ma': [3, 8], 'Ra': [], 'Ju': [4, 7], 'Sa': [5, 6], 'Me': [1, 10]}
2026-01-14 22:20:53,980 | DEBUG | ------ REFRESH END ------
2026-01-14 22:20:55,388 | DEBUG | ------ REFRESH START ------
2026-01-14 22:20:55,388 | DEBUG | TRANSIT JD = 2461055.202777778
2026-01-14 22:20:55,388 | DEBUG | NATAL Su = 350.637563
2026-01-14 22:20:55,388 | DEBUG | TRANSIT Su = 269.424322
2026-01-14 22:20:55,389 | DEBUG | NATAL Mo = 92.310024
2026-01-14 22:20:55,389 | DEBUG | TRANSIT Mo = 223.452828
2026-01-14 22:20:55,389 | DEBUG | NATAL Me = 331.419779
2026-01-14 22:20:55,389 | DEBUG | TRANSIT Me = 265.043530
2026-01-14 22:20:55,389 | DEBUG | NATAL Ve = 314.313783
2026-01-14 22:20:55,389 | DEBUG | TRANSIT Ve = 271.338621
2026-01-14 22:20:55,389 | DEBUG | NATAL Ma = 334.326290
2026-01-14 22:20:55,389 | DEBUG | TRANSIT Ma = 268.144079
2026-01-14 22:20:55,390 | DEBUG | NATAL Ju = 94.730427
2026-01-14 22:20:55,390 | DEBUG | TRANSIT Ju = 84.417740
2026-01-14 22:20:55,390 | DEBUG | NATAL Sa = 133.610196
2026-01-14 22:20:55,390 | DEBUG | TRANSIT Sa = 331.999146
2026-01-14 22:20:55,390 | DEBUG | NATAL Ra = 142.734411
2026-01-14 22:20:55,390 | DEBUG | TRANSIT Ra = 314.959310
2026-01-14 22:20:55,390 | DEBUG | NATAL KE = 322.734411
2026-01-14 22:20:55,390 | DEBUG | TRANSIT KE = 134.959310
2026-01-14 22:20:55,390 | DEBUG | HOUSE CUSPS = (151.0489127395781, 180.85068166193588, 211.30614090463558, 241.28393306271425, 271.0600122625122, 301.1860370375648, 331.0489127395781, 0.8506816619358908, 31.306140904635594, 61.283933062714254, 91.06001226251222, 121.18603703756479)
2026-01-14 22:20:55,391 | DEBUG | PLANET Su \u2192 HOUSE 7
2026-01-14 22:20:55,391 | DEBUG | PLANET Mo \u2192 HOUSE 11
2026-01-14 22:20:55,391 | DEBUG | PLANET Me \u2192 HOUSE 7
2026-01-14 22:20:55,391 | DEBUG | PLANET Ve \u2192 HOUSE 6
2026-01-14 22:20:55,391 | DEBUG | PLANET Ma \u2192 HOUSE 7
2026-01-14 22:20:55,391 | DEBUG | PLANET Ju \u2192 HOUSE 11
2026-01-14 22:20:55,391 | DEBUG | PLANET Sa \u2192 HOUSE 12
2026-01-14 22:20:55,391 | DEBUG | PLANET Ra \u2192 HOUSE 12
2026-01-14 22:20:55,391 | DEBUG | PLANET Ke \u2192 HOUSE 6
2026-01-14 22:20:55,391 | DEBUG | RASHI OWNERSHIP MAP = {'Ke': [], 'Ve': [2, 9], 'Su': [12], 'Mo': [11], 'Ma': [3, 8], 'Ra': [], 'Ju': [4, 7], 'Sa': [5, 6], 'Me': [1, 10]}
2026-01-14 22:20:55,391 | DEBUG | ------ REFRESH END ------
2026-01-14 22:20:57,470 | DEBUG | ------ REFRESH START ------
2026-01-14 22:20:57,471 | DEBUG | TRANSIT JD = 2461055.203472222
2026-01-14 22:20:57,471 | DEBUG | NATAL Su = 350.637563
2026-01-14 22:20:57,471 | DEBUG | TRANSIT Su = 269.425029
2026-01-14 22:20:57,471 | DEBUG | NATAL Mo = 92.310024
2026-01-14 22:20:57,471 | DEBUG | TRANSIT Mo = 223.461088
2026-01-14 22:20:57,472 | DEBUG | NATAL Me = 331.419779
2026-01-14 22:20:57,472 | DEBUG | TRANSIT Me = 265.044654
2026-01-14 22:20:57,472 | DEBUG | NATAL Ve = 314.313783
2026-01-14 22:20:57,472 | DEBUG | TRANSIT Ve = 271.339495
2026-01-14 22:20:57,472 | DEBUG | NATAL Ma = 334.326290
2026-01-14 22:20:57,472 | DEBUG | TRANSIT Ma = 268.144617
2026-01-14 22:20:57,472 | DEBUG | NATAL Ju = 94.730427
2026-01-14 22:20:57,472 | DEBUG | TRANSIT Ju = 84.417646
2026-01-14 22:20:57,473 | DEBUG | NATAL Sa = 133.610196
2026-01-14 22:20:57,473 | DEBUG | TRANSIT Sa = 331.999200
2026-01-14 22:20:57,473 | DEBUG | NATAL Ra = 142.734411
2026-01-14 22:20:57,473 | DEBUG | TRANSIT Ra = 314.959219
2026-01-14 22:20:57,473 | DEBUG | NATAL KE = 322.734411
2026-01-14 22:20:57,473 | DEBUG | TRANSIT KE = 134.959219
2026-01-14 22:20:57,473 | DEBUG | HOUSE CUSPS = (151.0489127395781, 180.85068166193588, 211.30614090463558, 241.28393306271425, 271.0600122625122, 301.1860370375648, 331.0489127395781, 0.8506816619358908, 31.306140904635594, 61.283933062714254, 91.06001226251222, 121.18603703756479)
2026-01-14 22:20:57,473 | DEBUG | PLANET Su \u2192 HOUSE 7
2026-01-14 22:20:57,473 | DEBUG | PLANET Mo \u2192 HOUSE 11
2026-01-14 22:20:57,473 | DEBUG | PLANET Me \u2192 HOUSE 7
2026-01-14 22:20:57,473 | DEBUG | PLANET Ve \u2192 HOUSE 6
2026-01-14 22:20:57,473 | DEBUG | PLANET Ma \u2192 HOUSE 7
2026-01-14 22:20:57,473 | DEBUG | PLANET Ju \u2192 HOUSE 11
2026-01-14 22:20:57,474 | DEBUG | PLANET Sa \u2192 HOUSE 12
2026-01-14 22:20:57,474 | DEBUG | PLANET Ra \u2192 HOUSE 12
2026-01-14 22:20:57,474 | DEBUG | PLANET Ke \u2192 HOUSE 6
2026-01-14 22:20:57,474 | DEBUG | RASHI OWNERSHIP MAP = {'Ke': [], 'Ve': [2, 9], 'Su': [12], 'Mo': [11], 'Ma': [3, 8], 'Ra': [], 'Ju': [4, 7], 'Sa': [5, 6], 'Me': [1, 10]}
2026-01-14 22:20:57,474 | DEBUG | ------ REFRESH END ------
2026-01-14 22:20:57,661 | DEBUG | ------ REFRESH START ------
2026-01-14 22:20:57,661 | DEBUG | TRANSIT JD = 2461055.2041666666
2026-01-14 22:20:57,661 | DEBUG | NATAL Su = 350.637563
2026-01-14 22:20:57,661 | DEBUG | TRANSIT Su = 269.425737
2026-01-14 22:20:57,662 | DEBUG | NATAL Mo = 92.310024
2026-01-14 22:20:57,662 | DEBUG | TRANSIT Mo = 223.469349
2026-01-14 22:20:57,662 | DEBUG | NATAL Me = 331.419779
2026-01-14 22:20:57,662 | DEBUG | TRANSIT Me = 265.045777
2026-01-14 22:20:57,662 | DEBUG | NATAL Ve = 314.313783
2026-01-14 22:20:57,662 | DEBUG | TRANSIT Ve = 271.340368
2026-01-14 22:20:57,662 | DEBUG | NATAL Ma = 334.326290
2026-01-14 22:20:57,662 | DEBUG | TRANSIT Ma = 268.145155
2026-01-14 22:20:57,663 | DEBUG | NATAL Ju = 94.730427
2026-01-14 22:20:57,663 | DEBUG | TRANSIT Ju = 84.417553
2026-01-14 22:20:57,663 | DEBUG | NATAL Sa = 133.610196
2026-01-14 22:20:57,663 | DEBUG | TRANSIT Sa = 331.999255
2026-01-14 22:20:57,663 | DEBUG | NATAL Ra = 142.734411
2026-01-14 22:20:57,663 | DEBUG | TRANSIT Ra = 314.959128
2026-01-14 22:20:57,663 | DEBUG | NATAL KE = 322.734411
2026-01-14 22:20:57,663 | DEBUG | TRANSIT KE = 134.959128
2026-01-14 22:20:57,663 | DEBUG | HOUSE CUSPS = (151.0489127395781, 180.85068166193588, 211.30614090463558, 241.28393306271425, 271.0600122625122, 301.1860370375648, 331.0489127395781, 0.8506816619358908, 31.306140904635594, 61.283933062714254, 91.06001226251222, 121.18603703756479)
2026-01-14 22:20:57,663 | DEBUG | PLANET Su \u2192 HOUSE 7
2026-01-14 22:20:57,664 | DEBUG | PLANET Mo \u2192 HOUSE 11
2026-01-14 22:20:57,664 | DEBUG | PLANET Me \u2192 HOUSE 7
2026-01-14 22:20:57,664 | DEBUG | PLANET Ve \u2192 HOUSE 6
2026-01-14 22:20:57,664 | DEBUG | PLANET Ma \u2192 HOUSE 7
2026-01-14 22:20:57,664 | DEBUG | PLANET Ju \u2192 HOUSE 11
2026-01-14 22:20:57,664 | DEBUG | PLANET Sa \u2192 HOUSE 12
2026-01-14 22:20:57,664 | DEBUG | PLANET Ra \u2192 HOUSE 12
2026-01-14 22:20:57,664 | DEBUG | PLANET Ke \u2192 HOUSE 6
2026-01-14 22:20:57,664 | DEBUG | RASHI OWNERSHIP MAP = {'Ke': [], 'Ve': [2, 9], 'Su': [12], 'Mo': [11], 'Ma': [3, 8], 'Ra': [], 'Ju': [4, 7], 'Sa': [5, 6], 'Me': [1, 10]}
2026-01-14 22:20:57,664 | DEBUG | ------ REFRESH END ------
2026-01-14 22:20:57,845 | DEBUG | ------ REFRESH START ------
2026-01-14 22:20:57,845 | DEBUG | TRANSIT JD = 2461055.204861111
2026-01-14 22:20:57,845 | DEBUG | NATAL Su = 350.637563
2026-01-14 22:20:57,845 | DEBUG | TRANSIT Su = 269.426444
2026-01-14 22:20:57,846 | DEBUG | NATAL Mo = 92.310024
2026-01-14 22:20:57,846 | DEBUG | TRANSIT Mo = 223.477609
2026-01-14 22:20:57,846 | DEBUG | NATAL Me = 331.419779
2026-01-14 22:20:57,846 | DEBUG | TRANSIT Me = 265.046901
2026-01-14 22:20:57,846 | DEBUG | NATAL Ve = 314.313783
2026-01-14 22:20:57,846 | DEBUG | TRANSIT Ve = 271.341241
2026-01-14 22:20:57,846 | DEBUG | NATAL Ma = 334.326290
2026-01-14 22:20:57,847 | DEBUG | TRANSIT Ma = 268.145693
2026-01-14 22:20:57,847 | DEBUG | NATAL Ju = 94.730427
2026-01-14 22:20:57,847 | DEBUG | TRANSIT Ju = 84.417460
2026-01-14 22:20:57,847 | DEBUG | NATAL Sa = 133.610196
2026-01-14 22:20:57,847 | DEBUG | TRANSIT Sa = 331.999309
2026-01-14 22:20:57,847 | DEBUG | NATAL Ra = 142.734411
2026-01-14 22:20:57,847 | DEBUG | TRANSIT Ra = 314.959036
2026-01-14 22:20:57,847 | DEBUG | NATAL KE = 322.734411
2026-01-14 22:20:57,847 | DEBUG | TRANSIT KE = 134.959036
2026-01-14 22:20:57,848 | DEBUG | HOUSE CUSPS = (151.0489127395781, 180.85068166193588, 211.30614090463558, 241.28393306271425, 271.0600122625122, 301.1860370375648, 331.0489127395781, 0.8506816619358908, 31.306140904635594, 61.283933062714254, 91.06001226251222, 121.18603703756479)
2026-01-14 22:20:57,848 | DEBUG | PLANET Su \u2192 HOUSE 7
2026-01-14 22:20:57,848 | DEBUG | PLANET Mo \u2192 HOUSE 11
2026-01-14 22:20:57,848 | DEBUG | PLANET Me \u2192 HOUSE 7
2026-01-14 22:20:57,848 | DEBUG | PLANET Ve \u2192 HOUSE 6
2026-01-14 22:20:57,848 | DEBUG | PLANET Ma \u2192 HOUSE 7
2026-01-14 22:20:57,848 | DEBUG | PLANET Ju \u2192 HOUSE 11
2026-01-14 22:20:57,848 | DEBUG | PLANET Sa \u2192 HOUSE 12
2026-01-14 22:20:57,848 | DEBUG | PLANET Ra \u2192 HOUSE 12
2026-01-14 22:20:57,848 | DEBUG | PLANET Ke \u2192 HOUSE 6
2026-01-14 22:20:57,848 | DEBUG | RASHI OWNERSHIP MAP = {'Ke': [], 'Ve': [2, 9], 'Su': [12], 'Mo': [11], 'Ma': [3, 8], 'Ra': [], 'Ju': [4, 7], 'Sa': [5, 6], 'Me': [1, 10]}
2026-01-14 22:20:57,848 | DEBUG | ------ REFRESH END ------
2026-01-14 22:20:57,995 | DEBUG | ------ REFRESH START ------
2026-01-14 22:20:57,995 | DEBUG | TRANSIT JD = 2461055.2055555554
2026-01-14 22:20:57,996 | DEBUG | NATAL Su = 350.637563
2026-01-14 22:20:57,996 | DEBUG | TRANSIT Su = 269.427152
2026-01-14 22:20:57,996 | DEBUG | NATAL Mo = 92.310024
2026-01-14 22:20:57,996 | DEBUG | TRANSIT Mo = 223.485870
2026-01-14 22:20:57,996 | DEBUG | NATAL Me = 331.419779
2026-01-14 22:20:57,996 | DEBUG | TRANSIT Me = 265.048024
2026-01-14 22:20:57,996 | DEBUG | NATAL Ve = 314.313783
2026-01-14 22:20:57,996 | DEBUG | TRANSIT Ve = 271.342115
2026-01-14 22:20:57,997 | DEBUG | NATAL Ma = 334.326290
2026-01-14 22:20:57,997 | DEBUG | TRANSIT Ma = 268.146231
2026-01-14 22:20:57,997 | DEBUG | NATAL Ju = 94.730427
2026-01-14 22:20:57,997 | DEBUG | TRANSIT Ju = 84.417367
2026-01-14 22:20:57,997 | DEBUG | NATAL Sa = 133.610196
2026-01-14 22:20:57,997 | DEBUG | TRANSIT Sa = 331.999363
2026-01-14 22:20:57,997 | DEBUG | NATAL Ra = 142.734411
2026-01-14 22:20:57,998 | DEBUG | TRANSIT Ra = 314.958946
2026-01-14 22:20:57,998 | DEBUG | NATAL KE = 322.734411
2026-01-14 22:20:57,998 | DEBUG | TRANSIT KE = 134.958946
2026-01-14 22:20:57,998 | DEBUG | HOUSE CUSPS = (151.0489127395781, 180.85068166193588, 211.30614090463558, 241.28393306271425, 271.0600122625122, 301.1860370375648, 331.0489127395781, 0.8506816619358908, 31.306140904635594, 61.283933062714254, 91.06001226251222, 121.18603703756479)
2026-01-14 22:20:57,998 | DEBUG | PLANET Su \u2192 HOUSE 7
2026-01-14 22:20:57,998 | DEBUG | PLANET Mo \u2192 HOUSE 11
2026-01-14 22:20:57,998 | DEBUG | PLANET Me \u2192 HOUSE 7
2026-01-14 22:20:57,998 | DEBUG | PLANET Ve \u2192 HOUSE 6
2026-01-14 22:20:57,998 | DEBUG | PLANET Ma \u2192 HOUSE 7
2026-01-14 22:20:57,998 | DEBUG | PLANET Ju \u2192 HOUSE 11
2026-01-14 22:20:57,998 | DEBUG | PLANET Sa \u2192 HOUSE 12
2026-01-14 22:20:57,998 | DEBUG | PLANET Ra \u2192 HOUSE 12
2026-01-14 22:20:57,998 | DEBUG | PLANET Ke \u2192 HOUSE 6
2026-01-14 22:20:57,998 | DEBUG | RASHI OWNERSHIP MAP = {'Ke': [], 'Ve': [2, 9], 'Su': [12], 'Mo': [11], 'Ma': [3, 8], 'Ra': [], 'Ju': [4, 7], 'Sa': [5, 6], 'Me': [1, 10]}
2026-01-14 22:20:57,998 | DEBUG | ------ REFRESH END ------
